{
  "RSpec": {
    "coverage": {
      "/Users/sambauch/Desktop/chat-service/spec/support/factory_girl.rb": [
        null,
        null,
        1,
        1,
        null
      ],
      "/Users/sambauch/Desktop/chat-service/spec/models/conversation_spec.rb": [
        null,
        null,
        1,
        null,
        1,
        null,
        1,
        6,
        null,
        1,
        1,
        3,
        null,
        null,
        1,
        1,
        null,
        null,
        1,
        1,
        null,
        null,
        1,
        1,
        null,
        null,
        null,
        1,
        2,
        null,
        1,
        1,
        null,
        null,
        null,
        1,
        2,
        null,
        null,
        null,
        null,
        1,
        1,
        null,
        null,
        null,
        null
      ],
      "/Users/sambauch/Desktop/chat-service/spec/rails_helper.rb": [
        null,
        null,
        null,
        1,
        1,
        1,
        null,
        1,
        1,
        null,
        null,
        null,
        null,
        null,
        null,
        null,
        null,
        null,
        null,
        null,
        null,
        null,
        null,
        null,
        null,
        null,
        null,
        null,
        1,
        null,
        1,
        null,
        1,
        null,
        null,
        null,
        null,
        1,
        null,
        null,
        null,
        null,
        null,
        null,
        null,
        null,
        null,
        null,
        null,
        null,
        null,
        null,
        1,
        null,
        null,
        1,
        null,
        null,
        null
      ],
      "/Users/sambauch/Desktop/chat-service/config/environment.rb": [
        null,
        null,
        null,
        1,
        null,
        null,
        1
      ],
      "/Users/sambauch/Desktop/chat-service/config/application.rb": [
        null,
        null,
        1,
        null,
        1,
        null,
        1,
        1,
        1,
        1,
        1,
        null,
        null,
        null,
        null,
        null,
        1,
        null,
        1,
        null,
        1,
        null,
        1,
        null,
        null,
        null,
        null,
        null,
        null,
        null,
        null,
        null,
        1,
        null,
        null
      ],
      "/Users/sambauch/Desktop/chat-service/config/boot.rb": [
        null,
        null,
        1,
        null,
        1
      ],
      "/Users/sambauch/Desktop/chat-service/config/environments/test.rb": [
        null,
        null,
        1,
        null,
        null,
        null,
        null,
        null,
        null,
        null,
        1,
        null,
        null,
        null,
        null,
        1,
        null,
        null,
        1,
        1,
        null,
        null,
        null,
        null,
        1,
        1,
        null,
        null,
        1,
        null,
        null,
        1,
        null,
        null,
        null,
        null,
        null,
        null,
        null,
        null,
        1,
        null,
        null,
        null,
        null
      ],
      "/Users/sambauch/Desktop/chat-service/config/initializers/active_model_serializers.rb": [
        null,
        null,
        1
      ],
      "/Users/sambauch/Desktop/chat-service/config/initializers/backtrace_silencers.rb": [
        null,
        null,
        null
      ],
      "/Users/sambauch/Desktop/chat-service/config/initializers/filter_parameter_logging.rb": [
        null,
        null,
        null,
        null,
        null,
        1
      ],
      "/Users/sambauch/Desktop/chat-service/config/initializers/use_uuid.rb": [
        null,
        null,
        1,
        1,
        null
      ],
      "/Users/sambauch/Desktop/chat-service/config/initializers/wrap_parameters.rb": [
        null,
        null,
        null,
        null,
        null,
        null,
        null,
        null,
        null,
        null,
        1,
        2,
        null,
        null,
        null,
        null,
        null,
        null
      ],
      "/Users/sambauch/Desktop/chat-service/spec/factories/conversation_users.rb": [
        null,
        null,
        1,
        1,
        1,
        1,
        null,
        null
      ],
      "/Users/sambauch/Desktop/chat-service/spec/factories/conversations.rb": [
        null,
        null,
        1,
        1,
        175,
        null,
        null
      ],
      "/Users/sambauch/Desktop/chat-service/spec/factories/messages.rb": [
        null,
        null,
        1,
        1,
        1,
        1,
        1,
        331,
        null,
        null
      ],
      "/Users/sambauch/Desktop/chat-service/spec/factories/users.rb": [
        null,
        null,
        1,
        1,
        433,
        433,
        null,
        1,
        32,
        null,
        null,
        null
      ],
      "/Users/sambauch/Desktop/chat-service/config/routes.rb": [
        null,
        null,
        1,
        null,
        1,
        1,
        null
      ],
      "/Users/sambauch/Desktop/chat-service/app/models/conversation.rb": [
        null,
        null,
        1,
        23,
        1,
        1,
        1,
        null,
        null,
        null,
        1,
        null,
        1,
        15,
        15,
        null,
        null
      ],
      "/Users/sambauch/Desktop/chat-service/app/models/application_record.rb": [
        null,
        null,
        null,
        1,
        1,
        null
      ],
      "/Users/sambauch/Desktop/chat-service/spec/models/message_spec.rb": [
        null,
        null,
        1,
        null,
        1,
        1,
        5,
        6,
        6,
        null,
        1,
        1,
        4,
        null,
        null,
        1,
        1,
        null,
        null,
        1,
        1,
        null,
        null,
        1,
        1,
        null,
        null,
        1,
        1,
        null,
        null,
        null,
        1,
        2,
        null,
        null,
        null,
        1,
        1,
        null,
        null,
        null,
        null
      ],
      "/Users/sambauch/Desktop/chat-service/app/models/message.rb": [
        null,
        null,
        1,
        1,
        1,
        1,
        1,
        null,
        1,
        17,
        17,
        null,
        null,
        null,
        null,
        null
      ],
      "/Users/sambauch/Desktop/chat-service/spec/requests/conversations_requests_spec.rb": [
        null,
        null,
        1,
        null,
        1,
        20,
        null,
        1,
        19,
        null,
        null,
        1,
        1,
        4,
        null,
        1,
        1,
        null,
        null,
        1,
        1,
        null,
        null,
        1,
        1,
        6,
        null,
        null,
        null,
        null,
        null,
        null,
        1,
        1,
        5,
        null,
        1,
        null,
        1,
        4,
        4,
        null,
        null,
        1,
        1,
        null,
        null,
        1,
        1,
        null,
        null,
        1,
        1,
        1,
        null,
        null,
        1,
        1,
        1,
        3,
        1,
        null,
        null,
        null,
        1,
        1,
        3,
        3,
        null,
        null,
        1,
        1,
        null,
        null,
        1,
        1,
        null,
        null,
        1,
        1,
        1,
        null,
        null,
        null,
        null,
        null,
        1,
        1,
        3,
        3,
        null,
        null,
        1,
        1,
        null,
        null,
        1,
        1,
        null,
        null,
        1,
        1,
        1,
        null,
        null,
        null,
        null,
        null,
        null,
        null,
        1,
        1,
        7,
        7,
        null,
        null,
        null,
        null,
        null,
        null,
        1,
        6,
        6,
        null,
        null,
        1,
        1,
        null,
        null,
        1,
        1,
        null,
        null,
        1,
        1,
        1,
        null,
        null,
        null,
        null,
        1,
        1,
        1,
        322,
        null,
        1,
        50,
        null,
        null,
        null,
        1,
        1,
        null,
        null,
        null,
        null,
        null,
        null,
        null,
        1,
        1,
        null,
        null,
        1,
        1,
        1,
        1,
        1,
        null,
        null,
        1,
        1,
        1,
        289,
        null,
        null,
        1,
        5,
        null,
        null,
        null,
        null,
        null,
        null
      ],
      "/Users/sambauch/Desktop/chat-service/spec/requests/messages_requests_spec.rb": [
        null,
        null,
        1,
        null,
        1,
        13,
        null,
        1,
        12,
        null,
        null,
        1,
        1,
        10,
        7,
        null,
        1,
        null,
        1,
        6,
        6,
        null,
        null,
        null,
        6,
        null,
        null,
        1,
        1,
        null,
        null,
        1,
        1,
        null,
        null,
        1,
        1,
        1,
        null,
        null,
        1,
        1,
        1,
        null,
        null,
        1,
        1,
        1,
        null,
        null,
        1,
        1,
        1,
        null,
        null,
        null,
        1,
        1,
        3,
        3,
        null,
        null,
        1,
        1,
        null,
        null,
        1,
        1,
        null,
        null,
        1,
        1,
        1,
        null,
        null,
        null,
        null,
        null,
        1,
        1,
        3,
        3,
        null,
        null,
        1,
        1,
        null,
        null,
        1,
        1,
        null,
        null,
        1,
        1,
        1,
        null,
        null,
        null,
        null,
        null,
        null,
        null
      ],
      "/Users/sambauch/Desktop/chat-service/app/models/conversation_user.rb": [
        null,
        null,
        1,
        1,
        1,
        null
      ],
      "/Users/sambauch/Desktop/chat-service/app/controllers/conversations_controller.rb": [
        null,
        null,
        1,
        1,
        3,
        null,
        null,
        1,
        10,
        null,
        null,
        null,
        10,
        4,
        null,
        6,
        null,
        null,
        null,
        1,
        7,
        7,
        7,
        null,
        7,
        null,
        null,
        null,
        null,
        null,
        1,
        null,
        1,
        null,
        null,
        null,
        null,
        null,
        null,
        7,
        null,
        null,
        1,
        10,
        null,
        null,
        1,
        10,
        null,
        null,
        null,
        null
      ],
      "/Users/sambauch/Desktop/chat-service/app/controllers/application_controller.rb": [
        null,
        null,
        1,
        1,
        null,
        1,
        null,
        1,
        32,
        null,
        null
      ],
      "/Users/sambauch/Desktop/chat-service/app/serializers/conversation_serializer.rb": [
        null,
        null,
        1,
        1,
        1,
        1,
        null,
        1,
        11,
        null,
        null
      ],
      "/Users/sambauch/Desktop/chat-service/app/controllers/messages_controller.rb": [
        null,
        null,
        1,
        1,
        12,
        null,
        null,
        null,
        null,
        null,
        12,
        null,
        6,
        null,
        6,
        null,
        null,
        null,
        1,
        null,
        1,
        24,
        null,
        null,
        null,
        null,
        null
      ]
    },
    "timestamp": 1510848579
  }
}
