{
  "RSpec": {
    "coverage": {
      "/Users/sambauch/Desktop/chat-service/app/models/conversation.rb": [
        null,
        null,
        1,
        1,
        1,
        1,
        1,
        null,
        null,
        null,
        1,
        null,
        1,
        15,
        15,
        null,
        null,
        null,
        1,
        4,
        null,
        null,
        null,
        null
      ],
      "/Users/sambauch/Desktop/chat-service/app/models/application_record.rb": [
        null,
        null,
        null,
        1,
        1,
        null
      ],
      "/Users/sambauch/Desktop/chat-service/app/models/message.rb": [
        null,
        null,
        1,
        1,
        1,
        1,
        null,
        1,
        17,
        17,
        null,
        null,
        null,
        null,
        null
      ],
      "/Users/sambauch/Desktop/chat-service/app/models/user.rb": [
        null,
        null,
        1,
        1,
        1,
        1,
        null,
        1,
        null,
        0,
        null,
        null
      ],
      "/Users/sambauch/Desktop/chat-service/app/models/conversation_user.rb": [
        null,
        null,
        1,
        1,
        1,
        null
      ],
      "/Users/sambauch/Desktop/chat-service/app/controllers/conversations_controller.rb": [
        null,
        null,
        1,
        1,
        3,
        null,
        null,
        1,
        10,
        null,
        null,
        null,
        10,
        4,
        null,
        6,
        null,
        null,
        null,
        1,
        null,
        1,
        10,
        null,
        null,
        1,
        10,
        null,
        null,
        null,
        null
      ],
      "/Users/sambauch/Desktop/chat-service/app/controllers/application_controller.rb": [
        null,
        null,
        1,
        1,
        null,
        1,
        null,
        1,
        25,
        null,
        null
      ],
      "/Users/sambauch/Desktop/chat-service/app/controllers/messages_controller.rb": [
        null,
        null,
        1,
        1,
        12,
        null,
        null,
        null,
        null,
        12,
        6,
        null,
        6,
        null,
        null,
        null,
        1,
        null,
        1,
        24,
        null,
        null,
        null,
        null,
        null
      ],
      "/Users/sambauch/Desktop/chat-service/app/channels/application_cable/channel.rb": [
        null,
        null,
        0,
        0,
        0,
        0
      ],
      "/Users/sambauch/Desktop/chat-service/app/channels/application_cable/connection.rb": [
        null,
        null,
        0,
        0,
        0,
        0
      ],
      "/Users/sambauch/Desktop/chat-service/app/jobs/application_job.rb": [
        null,
        null,
        0,
        0
      ]
    },
    "timestamp": 1510842663
  }
}
